<?xml version="1.0" encoding="UTF-8"?>
<testng-results skipped="0" failed="0" ignored="0" total="2" passed="2">
  <reporter-output>
  </reporter-output>
  <suite name="Default suite" duration-ms="635" started-at="2021-09-09T19:11:05 EDT" finished-at="2021-09-09T19:11:06 EDT">
    <groups>
    </groups>
    <test name="Default test" duration-ms="635" started-at="2021-09-09T19:11:05 EDT" finished-at="2021-09-09T19:11:06 EDT">
      <class name="unittest.AppointmentTest">
        <test-method status="PASS" signature="AppointmentTestNew()[pri:0, instance:unittest.AppointmentTest@6c49835d]" name="AppointmentTestNew" duration-ms="578" started-at="2021-09-09T19:11:05 EDT" finished-at="2021-09-09T19:11:06 EDT">
          <reporter-output>
          </reporter-output>
        </test-method> <!-- AppointmentTestNew -->
        <test-method status="PASS" signature="AppointmentTestUpdate()[pri:0, instance:unittest.AppointmentTest@6c49835d]" name="AppointmentTestUpdate" duration-ms="18" started-at="2021-09-09T19:11:06 EDT" finished-at="2021-09-09T19:11:06 EDT">
          <reporter-output>
          </reporter-output>
        </test-method> <!-- AppointmentTestUpdate -->
      </class> <!-- unittest.AppointmentTest -->
    </test> <!-- Default test -->
  </suite> <!-- Default suite -->
</testng-results>
