<?xml version="1.0" encoding="UTF-8"?>
<!-- Generated by org.testng.reporters.JUnitXMLReporter -->
<testsuite hostname="DESKTOP-AK1KKB2" ignored="0" name="Default test" tests="4" failures="0" timestamp="2021-09-22T13:45:53 EDT" time="1.091" errors="0">
  <testcase name="AppointmentTestDelete" time="0.652" classname="unittest.AppointmentTest"/>
  <testcase name="AppointmentTestNew" time="0.06" classname="unittest.AppointmentTest"/>
  <testcase name="AppointmentTestRead" time="0.116" classname="unittest.AppointmentTest"/>
  <testcase name="AppointmentTestUpdate" time="0.225" classname="unittest.AppointmentTest"/>
</testsuite> <!-- Default test -->
