<?xml version="1.0" encoding="UTF-8"?>
<!-- Generated by org.testng.reporters.JUnitXMLReporter -->
<testsuite hostname="DESKTOP-AK1KKB2" ignored="0" name="Default test" tests="4" failures="0" timestamp="2021-10-04T12:02:37 EDT" time="1.212" errors="0">
  <testcase name="AppointmentTestDelete" time="0.709" classname="tests.AppointmentTest"/>
  <testcase name="AppointmentTestNew" time="0.113" classname="tests.AppointmentTest"/>
  <testcase name="AppointmentTestRead" time="0.119" classname="tests.AppointmentTest"/>
  <testcase name="AppointmentTestUpdate" time="0.221" classname="tests.AppointmentTest"/>
</testsuite> <!-- Default test -->
