<?xml version="1.0" encoding="UTF-8"?>
<testng-results skipped="0" failed="0" ignored="0" total="4" passed="4">
  <reporter-output>
  </reporter-output>
  <suite name="Default suite" duration-ms="727" started-at="2021-09-21T13:59:56 EDT" finished-at="2021-09-21T13:59:57 EDT">
    <groups>
    </groups>
    <test name="Default test" duration-ms="727" started-at="2021-09-21T13:59:56 EDT" finished-at="2021-09-21T13:59:57 EDT">
      <class name="unittest.AppointmentTest">
        <test-method status="PASS" signature="AppointmentTestDelete()[pri:0, instance:unittest.AppointmentTest@6c49835d]" name="AppointmentTestDelete" duration-ms="606" started-at="2021-09-21T13:59:56 EDT" finished-at="2021-09-21T13:59:57 EDT">
          <reporter-output>
          </reporter-output>
        </test-method> <!-- AppointmentTestDelete -->
        <test-method status="PASS" signature="AppointmentTestNew()[pri:0, instance:unittest.AppointmentTest@6c49835d]" name="AppointmentTestNew" duration-ms="24" started-at="2021-09-21T13:59:57 EDT" finished-at="2021-09-21T13:59:57 EDT">
          <reporter-output>
          </reporter-output>
        </test-method> <!-- AppointmentTestNew -->
        <test-method status="PASS" signature="AppointmentTestRead()[pri:0, instance:unittest.AppointmentTest@6c49835d]" name="AppointmentTestRead" duration-ms="10" started-at="2021-09-21T13:59:57 EDT" finished-at="2021-09-21T13:59:57 EDT">
          <reporter-output>
          </reporter-output>
        </test-method> <!-- AppointmentTestRead -->
        <test-method status="PASS" signature="AppointmentTestUpdate()[pri:0, instance:unittest.AppointmentTest@6c49835d]" name="AppointmentTestUpdate" duration-ms="30" started-at="2021-09-21T13:59:57 EDT" finished-at="2021-09-21T13:59:57 EDT">
          <reporter-output>
          </reporter-output>
        </test-method> <!-- AppointmentTestUpdate -->
      </class> <!-- unittest.AppointmentTest -->
    </test> <!-- Default test -->
  </suite> <!-- Default suite -->
</testng-results>
